<?xml version="1.0" encoding="UTF-8"?>
<!-- Generated by org.testng.reporters.JUnitXMLReporter -->
<testsuite ignored="0" hostname="DESKTOP-9I2JGV3" failures="1" tests="1" name="Test" time="24.387" errors="0" timestamp="2024-10-06T00:10:39 IST">
  <testcase classname="testCases.TC002_LoginTest" name="verify_AccountLogin" time="15.867">
    <failure type="java.lang.AssertionError" message="null">
      <![CDATA[java.lang.AssertionError: null
at testCases.TC002_LoginTest.verify_AccountLogin(TC002_LoginTest.java:35)
at java.base/java.util.ArrayList.forEach(ArrayList.java:1511)
... Removed 29 stack frames]]>
    </failure>
  </testcase> <!-- verify_AccountLogin -->
</testsuite> <!-- Test -->
